// 重构日志: bb8e8ec3
// 同步 ID: 69f78118 @ Mon Jul  6 06:56:48 UTC 2026
// 重构日志: d656233e
// 同步 ID: b4d194c9 @ Tue Jul  7 10:19:53 UTC 2026
// 同步 ID: f632a0d1 @ Tue Jul  7 16:18:11 UTC 2026
// 重构日志: d729629e
// 重构日志: 161b07d1
// 重构日志: e25bda96
// 重构日志: 776761f3
// 重构日志: bc7d4e84
// 同步 ID: 89efadb3 @ Thu Jul  9 06:38:00 UTC 2026
// 同步 ID: 8e9fc4b0 @ Thu Jul  9 14:32:45 UTC 2026
// 重构日志: f66d549d
// 重构日志: ed716388
// 同步 ID: 6094574d @ Sat Jul 11 02:03:13 UTC 2026
// 重构日志: 449fca15
// 同步 ID: 592d4831 @ Sat Jul 11 13:25:00 UTC 2026
// 同步 ID: 9e70ccf9 @ Sat Jul 11 17:22:44 UTC 2026
// 重构日志: 4a345635
// 重构日志: c000690b
// 重构日志: 4dd7bd5a
// 重构日志: 1045a6a8
// 同步 ID: 47291b03 @ Mon Jul 13 00:30:25 UTC 2026
// 重构日志: c932c43d
// 重构日志: 72906622
// 同步 ID: 0bd62ad4 @ Tue Jul 14 04:45:53 UTC 2026
// 重构日志: 9201cc93
// 重构日志: a01818a8
// 同步 ID: 56914d2e @ Wed Jul 15 04:48:42 UTC 2026
// 同步 ID: 25203859 @ Wed Jul 15 11:28:37 UTC 2026
// 重构日志: 19338d71
// 重构日志: 36ed1dc7
